Traceback (most recent call last):
  File "/Users/ejones/Documents/workspace/clean-invaders/dashboard.py", line 1, in <module>
    from flask import Flask, render_template, jsonify, request, redirect, send_from_directory
ModuleNotFoundError: No module named 'flask'
Traceback (most recent call last):
  File "/Users/ejones/Documents/workspace/clean-invaders/dashboard.py", line 1, in <module>
    from flask import Flask, render_template, jsonify, request, redirect, send_from_directory
ModuleNotFoundError: No module named 'flask'
Traceback (most recent call last):
  File "/Users/ejones/Documents/workspace/clean-invaders/dashboard.py", line 1, in <module>
    from flask import Flask, render_template, jsonify, request, redirect, send_from_directory
ModuleNotFoundError: No module named 'flask'
Traceback (most recent call last):
  File "/Users/ejones/Documents/workspace/clean-invaders/dashboard.py", line 1, in <module>
    from flask import Flask, render_template, jsonify, request, redirect, send_from_directory
ModuleNotFoundError: No module named 'flask'
Traceback (most recent call last):
  File "/Users/ejones/Documents/workspace/clean-invaders/dashboard.py", line 1, in <module>
    from flask import Flask, render_template, jsonify, request, redirect, send_from_directory
ModuleNotFoundError: No module named 'flask'
Traceback (most recent call last):
  File "/Users/ejones/Documents/workspace/clean-invaders/dashboard.py", line 1, in <module>
    from flask import Flask, render_template, jsonify, request, redirect, send_from_directory
ModuleNotFoundError: No module named 'flask'
Traceback (most recent call last):
  File "/Users/ejones/Documents/workspace/clean-invaders/dashboard.py", line 1, in <module>
    from flask import Flask, render_template, jsonify, request, redirect, send_from_directory
ModuleNotFoundError: No module named 'flask'
Traceback (most recent call last):
  File "/Users/ejones/Documents/workspace/clean-invaders/dashboard.py", line 1, in <module>
    from flask import Flask, render_template, jsonify, request, redirect, send_from_directory
ModuleNotFoundError: No module named 'flask'
Traceback (most recent call last):
  File "/Users/ejones/Documents/workspace/clean-invaders/dashboard.py", line 1, in <module>
    from flask import Flask, render_template, jsonify, request, redirect, send_from_directory
ModuleNotFoundError: No module named 'flask'
Traceback (most recent call last):
  File "/Users/ejones/Documents/workspace/clean-invaders/dashboard.py", line 1, in <module>
    from flask import Flask, render_template, jsonify, request, redirect, send_from_directory
ModuleNotFoundError: No module named 'flask'
Traceback (most recent call last):
  File "/Users/ejones/Documents/workspace/clean-invaders/dashboard.py", line 1, in <module>
    from flask import Flask, render_template, jsonify, request, redirect, send_from_directory
ModuleNotFoundError: No module named 'flask'
Address already in use
Port 9000 is in use by another program. Either identify and stop that program, or start the server with a different port.
Address already in use
Port 9000 is in use by another program. Either identify and stop that program, or start the server with a different port.
Address already in use
Port 9000 is in use by another program. Either identify and stop that program, or start the server with a different port.
Address already in use
Port 9000 is in use by another program. Either identify and stop that program, or start the server with a different port.
Address already in use
Port 9000 is in use by another program. Either identify and stop that program, or start the server with a different port.
Address already in use
Port 9000 is in use by another program. Either identify and stop that program, or start the server with a different port.
Address already in use
Port 9000 is in use by another program. Either identify and stop that program, or start the server with a different port.
Address already in use
Port 9000 is in use by another program. Either identify and stop that program, or start the server with a different port.
Address already in use
Port 9000 is in use by another program. Either identify and stop that program, or start the server with a different port.
Address already in use
Port 9000 is in use by another program. Either identify and stop that program, or start the server with a different port.
Address already in use
Port 9000 is in use by another program. Either identify and stop that program, or start the server with a different port.
Address already in use
Port 9000 is in use by another program. Either identify and stop that program, or start the server with a different port.
Address already in use
Port 9000 is in use by another program. Either identify and stop that program, or start the server with a different port.
Address already in use
Port 9000 is in use by another program. Either identify and stop that program, or start the server with a different port.
Address already in use
Port 9000 is in use by another program. Either identify and stop that program, or start the server with a different port.
Address already in use
Port 9000 is in use by another program. Either identify and stop that program, or start the server with a different port.
Address already in use
Port 9000 is in use by another program. Either identify and stop that program, or start the server with a different port.
Address already in use
Port 9000 is in use by another program. Either identify and stop that program, or start the server with a different port.
Address already in use
Port 9000 is in use by another program. Either identify and stop that program, or start the server with a different port.
Address already in use
Port 9000 is in use by another program. Either identify and stop that program, or start the server with a different port.
Address already in use
Port 9000 is in use by another program. Either identify and stop that program, or start the server with a different port.
Address already in use
Port 9000 is in use by another program. Either identify and stop that program, or start the server with a different port.
Address already in use
Port 9000 is in use by another program. Either identify and stop that program, or start the server with a different port.
Address already in use
Port 9000 is in use by another program. Either identify and stop that program, or start the server with a different port.
Address already in use
Port 9000 is in use by another program. Either identify and stop that program, or start the server with a different port.
Address already in use
Port 9000 is in use by another program. Either identify and stop that program, or start the server with a different port.
Address already in use
Port 9000 is in use by another program. Either identify and stop that program, or start the server with a different port.
Address already in use
Port 9000 is in use by another program. Either identify and stop that program, or start the server with a different port.
Address already in use
Port 9000 is in use by another program. Either identify and stop that program, or start the server with a different port.
Address already in use
Port 9000 is in use by another program. Either identify and stop that program, or start the server with a different port.
Address already in use
Port 9000 is in use by another program. Either identify and stop that program, or start the server with a different port.
Address already in use
Port 9000 is in use by another program. Either identify and stop that program, or start the server with a different port.
Address already in use
Port 9000 is in use by another program. Either identify and stop that program, or start the server with a different port.
Address already in use
Port 9000 is in use by another program. Either identify and stop that program, or start the server with a different port.
Address already in use
Port 9000 is in use by another program. Either identify and stop that program, or start the server with a different port.
Address already in use
Port 9000 is in use by another program. Either identify and stop that program, or start the server with a different port.
Address already in use
Port 9000 is in use by another program. Either identify and stop that program, or start the server with a different port.
Address already in use
Port 9000 is in use by another program. Either identify and stop that program, or start the server with a different port.
Address already in use
Port 9000 is in use by another program. Either identify and stop that program, or start the server with a different port.
Address already in use
Port 9000 is in use by another program. Either identify and stop that program, or start the server with a different port.
Address already in use
Port 9000 is in use by another program. Either identify and stop that program, or start the server with a different port.
Address already in use
Port 9000 is in use by another program. Either identify and stop that program, or start the server with a different port.
Address already in use
Port 9000 is in use by another program. Either identify and stop that program, or start the server with a different port.
Address already in use
Port 9000 is in use by another program. Either identify and stop that program, or start the server with a different port.
Address already in use
Port 9000 is in use by another program. Either identify and stop that program, or start the server with a different port.
Address already in use
Port 9000 is in use by another program. Either identify and stop that program, or start the server with a different port.
Address already in use
Port 9000 is in use by another program. Either identify and stop that program, or start the server with a different port.
Address already in use
Port 9000 is in use by another program. Either identify and stop that program, or start the server with a different port.
Address already in use
Port 9000 is in use by another program. Either identify and stop that program, or start the server with a different port.
Address already in use
Port 9000 is in use by another program. Either identify and stop that program, or start the server with a different port.
Address already in use
Port 9000 is in use by another program. Either identify and stop that program, or start the server with a different port.
